#
# A fatal error has been detected by the Java Runtime Environment:
#
#  SIGSEGV (0xb) at pc=0x0000000108f50e45, pid=67165, tid=0x0000000000005a03
#
# JRE version: Java(TM) SE Runtime Environment (8.0_152-b05) (build 1.8.0_152-ea-b05)
# Java VM: Java HotSpot(TM) 64-Bit Server VM (25.152-b05 mixed mode bsd-amd64 compressed oops)
# Problematic frame:
# V  [libjvm.dylib+0x550e45]
#
# Failed to write core dump. Core dumps have been disabled. To enable core dumping, try "ulimit -c unlimited" before starting Java again
#
# If you would like to submit a bug report, please visit:
#   http://bugreport.java.com/bugreport/crash.jsp
#

---------------  T H R E A D  ---------------

Current thread (0x00007fb0fd561000):  JavaThread "reaktor/data#0" [_thread_in_vm, id=23043, stack(0x000070000fc04000,0x000070000fd04000)]

siginfo: si_signo: 11 (SIGSEGV), si_code: 1 (SEGV_MAPERR), si_addr: 0x0000000115dfee40

Registers:
RAX=0x0000000109299740, RBX=0x0000000115dfee40, RCX=0x00000001091d8070, RDX=0x0000000000000000
RSP=0x000070000fd03030, RBP=0x000070000fd03060, RSI=0x0000000000000006, RDI=0x000070000fd03040
R8 =0x0000000040000000, R9 =0x00007fb0fb625388, R10=0x00000001162f4ecc, R11=0x00000001162f4e98
R12=0x0000000000000000, R13=0x000070000fd030c8, R14=0x0000000000000000, R15=0x00007fb0fd561000
RIP=0x0000000108f50e45, EFLAGS=0x0000000000010246, ERR=0x0000000000000004
  TRAPNO=0x000000000000000e

Top of Stack: (sp=0x000070000fd03030)
0x000070000fd03030:   000070000fd03030 00007fb0fd561000
0x000070000fd03040:   00007fb0fd561000 00000001133d6440
0x000070000fd03050:   000070000fd03170 00007fb0fd561000
0x000070000fd03060:   000070000fd030b0 00000001162f4f3e
0x000070000fd03070:   000000076ab089a0 0000000000000000
0x000070000fd03080:   0000000126064228 0000000000000000
0x000070000fd03090:   0000000126063f50 0000000000000000
0x000070000fd030a0:   000070000fd030c0 000070000fd03118
0x000070000fd030b0:   000070000fd03128 0000000115f65b90
0x000070000fd030c0:   0000000115f65b90 0000000115dfee40
0x000070000fd030d0:   000000076d6aa048 0000000000000000
0x000070000fd030e0:   000000076ab089a0 000070000fd030e8
0x000070000fd030f0:   00000001133d6c13 000070000fd03170
0x000070000fd03100:   0000000113402dd0 0000000000000000
0x000070000fd03110:   00000001133d6c38 000070000fd030c8
0x000070000fd03120:   000070000fd03148 000070000fd031b8
0x000070000fd03130:   0000000115f65b90 0000000000000000
0x000070000fd03140:   0000000000000000 0000000000000001
0x000070000fd03150:   000000076d6aa048 0000000115dfee40
0x000070000fd03160:   0000000125faaef9 0000000000000000
0x000070000fd03170:   000000076ab089a0 000070000fd03178
0x000070000fd03180:   0000000113b09d7c 000070000fd031c8
0x000070000fd03190:   0000000125fea110 000000012608db58
0x000070000fd031a0:   0000000113b09d98 000070000fd03148
0x000070000fd031b0:   000070000fd031c8 000070000fd03210
0x000070000fd031c0:   0000000115f65b90 000000076d6ab8d8
0x000070000fd031d0:   000070000fd031d0 000000012606603d
0x000070000fd031e0:   000070000fd03270 00000001260666c0
0x000070000fd031f0:   0000000000000000 0000000126066168
0x000070000fd03200:   000070000fd031c8 000070000fd03230
0x000070000fd03210:   000070000fd032b8 0000000115f65850
0x000070000fd03220:   000000076d6aa048 0000000000000000 

Instructions: (pc=0x0000000108f50e45)
0x0000000108f50e25:   e0 48 8d 7d e0 be 06 00 00 00 e8 a8 80 c1 ff 4c
0x0000000108f50e35:   89 7d d8 4d 85 f6 75 05 45 31 f6 eb 03 4d 8b 36
0x0000000108f50e45:   49 8b 04 1e 48 89 45 d0 48 8b 5d d0 48 8d 7d d8
0x0000000108f50e55:   e8 c2 a8 f6 ff 48 8d 7d e0 be 06 00 00 00 ba 04 

Register to memory mapping:

RAX=0x0000000109299740: _ZN20SafepointSynchronize6_stateE+0 in /Library/Java/JavaVirtualMachines/jdk1.8.0_152.jdk/Contents/Home/jre/lib/server/libjvm.dylib at 0x0000000108a00000
RBX=0x0000000115dfee40 is an unknown value
RCX=0x00000001091d8070: UseMembar+0 in /Library/Java/JavaVirtualMachines/jdk1.8.0_152.jdk/Contents/Home/jre/lib/server/libjvm.dylib at 0x0000000108a00000
RDX=0x0000000000000000 is an unknown value
RSP=0x000070000fd03030 is pointing into the stack for thread: 0x00007fb0fd561000
RBP=0x000070000fd03060 is pointing into the stack for thread: 0x00007fb0fd561000
RSI=0x0000000000000006 is an unknown value
RDI=0x000070000fd03040 is pointing into the stack for thread: 0x00007fb0fd561000
R8 =0x0000000040000000 is an unknown value
R9 =0x00007fb0fb625388 is an unknown value
R10=0x00000001162f4ecc is at entry_point+76 in (nmethod*)0x00000001162f4d10
R11=0x00000001162f4e98 is at entry_point+24 in (nmethod*)0x00000001162f4d10
R12=0x0000000000000000 is an unknown value
R13=0x000070000fd030c8 is pointing into the stack for thread: 0x00007fb0fd561000
R14=0x0000000000000000 is an unknown value
R15=0x00007fb0fd561000 is a thread


Stack: [0x000070000fc04000,0x000070000fd04000],  sp=0x000070000fd03030,  free space=1020k
Native frames: (J=compiled Java code, j=interpreted, Vv=VM code, C=native code)
V  [libjvm.dylib+0x550e45]
J 861  sun.misc.Unsafe.getLongVolatile(Ljava/lang/Object;J)J (0 bytes) @ 0x00000001162f4f3e [0x00000001162f4e80+0xbe]
j  sun.misc.Unsafe.getAndAddLong(Ljava/lang/Object;JJ)J+3
j  org.agrona.concurrent.status.AtomicCounter.increment()J+12
j  org.reaktivity.reaktor.internal.router.Target.handleWriteReply(JJILorg/agrona/DirectBuffer;II)Z+205
j  org.reaktivity.reaktor.internal.router.Target.handleWrite(ILorg/agrona/DirectBuffer;II)V+94
j  org.reaktivity.reaktor.internal.router.Target$$Lambda$74.accept(ILorg/agrona/DirectBuffer;II)V+9
j  org.reaktivity.nukleus.ws.internal.stream.WsServerStreamFactory$WsServerConnectStream.doWindow(JII)V+122
j  org.reaktivity.nukleus.ws.internal.stream.WsServerStreamFactory$WsServerConnectStream.access$2500(Lorg/reaktivity/nukleus/ws/internal/stream/WsServerStreamFactory$WsServerConnectStream;JII)V+5
j  org.reaktivity.nukleus.ws.internal.stream.WsServerStreamFactory$WsServerAcceptStream.onWindow(Lorg/reaktivity/nukleus/ws/internal/types/stream/WindowFW;)V+39
j  org.reaktivity.nukleus.ws.internal.stream.WsServerStreamFactory$WsServerAcceptStream.handleThrottle(ILorg/agrona/DirectBuffer;II)V+49
j  org.reaktivity.nukleus.ws.internal.stream.WsServerStreamFactory$WsServerAcceptStream$$Lambda$100.accept(ILorg/agrona/DirectBuffer;II)V+9
j  org.reaktivity.reaktor.internal.agent.ElektronAgent.handleReadReply(JJILorg/agrona/MutableDirectBuffer;II)V+394
j  org.reaktivity.reaktor.internal.agent.ElektronAgent.handleRead(ILorg/agrona/MutableDirectBuffer;II)V+66
j  org.reaktivity.reaktor.internal.agent.ElektronAgent$$Lambda$35.onMessage(ILorg/agrona/MutableDirectBuffer;II)V+9
J 1028 C2 org.reaktivity.reaktor.internal.agent.ElektronAgent.doWork()I (63 bytes) @ 0x000000011638558c [0x00000001163852e0+0x2ac]
J 1054% C1 org.agrona.concurrent.AgentRunner.run()V (90 bytes) @ 0x00000001163a2c0c [0x00000001163a2940+0x2cc]
j  java.lang.Thread.run()V+11
v  ~StubRoutines::call_stub
V  [libjvm.dylib+0x2e09e2]
V  [libjvm.dylib+0x2e1186]
V  [libjvm.dylib+0x2e1332]
V  [libjvm.dylib+0x31eb57]
V  [libjvm.dylib+0x53c509]
V  [libjvm.dylib+0x53db91]
V  [libjvm.dylib+0x45d90e]
C  [libsystem_pthread.dylib+0x3305]  _pthread_body+0x7e
C  [libsystem_pthread.dylib+0x626f]  _pthread_start+0x46
C  [libsystem_pthread.dylib+0x2415]  thread_start+0xd
C  0x0000000000000000

Java frames: (J=compiled Java code, j=interpreted, Vv=VM code)
J 861  sun.misc.Unsafe.getLongVolatile(Ljava/lang/Object;J)J (0 bytes) @ 0x00000001162f4ecc [0x00000001162f4e80+0x4c]
j  sun.misc.Unsafe.getAndAddLong(Ljava/lang/Object;JJ)J+3
j  org.agrona.concurrent.status.AtomicCounter.increment()J+12
j  org.reaktivity.reaktor.internal.router.Target.handleWriteReply(JJILorg/agrona/DirectBuffer;II)Z+205
j  org.reaktivity.reaktor.internal.router.Target.handleWrite(ILorg/agrona/DirectBuffer;II)V+94
j  org.reaktivity.reaktor.internal.router.Target$$Lambda$74.accept(ILorg/agrona/DirectBuffer;II)V+9
j  org.reaktivity.nukleus.ws.internal.stream.WsServerStreamFactory$WsServerConnectStream.doWindow(JII)V+122
j  org.reaktivity.nukleus.ws.internal.stream.WsServerStreamFactory$WsServerConnectStream.access$2500(Lorg/reaktivity/nukleus/ws/internal/stream/WsServerStreamFactory$WsServerConnectStream;JII)V+5
j  org.reaktivity.nukleus.ws.internal.stream.WsServerStreamFactory$WsServerAcceptStream.onWindow(Lorg/reaktivity/nukleus/ws/internal/types/stream/WindowFW;)V+39
j  org.reaktivity.nukleus.ws.internal.stream.WsServerStreamFactory$WsServerAcceptStream.handleThrottle(ILorg/agrona/DirectBuffer;II)V+49
j  org.reaktivity.nukleus.ws.internal.stream.WsServerStreamFactory$WsServerAcceptStream$$Lambda$100.accept(ILorg/agrona/DirectBuffer;II)V+9
j  org.reaktivity.reaktor.internal.agent.ElektronAgent.handleReadReply(JJILorg/agrona/MutableDirectBuffer;II)V+394
j  org.reaktivity.reaktor.internal.agent.ElektronAgent.handleRead(ILorg/agrona/MutableDirectBuffer;II)V+66
j  org.reaktivity.reaktor.internal.agent.ElektronAgent$$Lambda$35.onMessage(ILorg/agrona/MutableDirectBuffer;II)V+9
J 1028 C2 org.reaktivity.reaktor.internal.agent.ElektronAgent.doWork()I (63 bytes) @ 0x000000011638558c [0x00000001163852e0+0x2ac]
J 1054% C1 org.agrona.concurrent.AgentRunner.run()V (90 bytes) @ 0x00000001163a2c0c [0x00000001163a2940+0x2cc]
j  java.lang.Thread.run()V+11
v  ~StubRoutines::call_stub

---------------  P R O C E S S  ---------------

Java Threads: ( => current thread )
=>0x00007fb0fd561000 JavaThread "reaktor/data#0" [_thread_in_vm, id=23043, stack(0x000070000fc04000,0x000070000fd04000)]
  0x00007fb0fc8d3800 JavaThread "ReaderThread" [_thread_in_native, id=42755, stack(0x000070000f9fe000,0x000070000fafe000)]
  0x00007fb0fd1dd800 JavaThread "Service Thread" daemon [_thread_blocked, id=22275, stack(0x000070000f7f8000,0x000070000f8f8000)]
  0x00007fb0fb83a000 JavaThread "C1 CompilerThread3" daemon [_thread_blocked, id=21763, stack(0x000070000f6f5000,0x000070000f7f5000)]
  0x00007fb0fd158800 JavaThread "C2 CompilerThread2" daemon [_thread_blocked, id=17923, stack(0x000070000f5f2000,0x000070000f6f2000)]
  0x00007fb0fb839000 JavaThread "C2 CompilerThread1" daemon [_thread_blocked, id=17155, stack(0x000070000f4ef000,0x000070000f5ef000)]
  0x00007fb0fc016000 JavaThread "C2 CompilerThread0" daemon [_thread_blocked, id=16899, stack(0x000070000f3ec000,0x000070000f4ec000)]
  0x00007fb0fc015800 JavaThread "JDWP Command Reader" daemon [_thread_in_native, id=16643, stack(0x000070000f2e9000,0x000070000f3e9000)]
  0x00007fb0fc014800 JavaThread "JDWP Event Helper Thread" daemon [_thread_blocked, id=16131, stack(0x000070000f1e6000,0x000070000f2e6000)]
  0x00007fb0fb837000 JavaThread "JDWP Transport Listener: dt_socket" daemon [_thread_blocked, id=18951, stack(0x000070000f0e3000,0x000070000f1e3000)]
  0x00007fb0fc80f800 JavaThread "Signal Dispatcher" daemon [_thread_blocked, id=15619, stack(0x000070000efe0000,0x000070000f0e0000)]
  0x00007fb0fb866000 JavaThread "Finalizer" daemon [_thread_blocked, id=19971, stack(0x000070000eedd000,0x000070000efdd000)]
  0x00007fb0fb863000 JavaThread "Reference Handler" daemon [_thread_blocked, id=13315, stack(0x000070000edda000,0x000070000eeda000)]
  0x00007fb0fd002000 JavaThread "main" [_thread_blocked, id=6659, stack(0x000070000e3bc000,0x000070000e4bc000)]

Other Threads:
  0x00007fb0fb85e800 VMThread [stack: 0x000070000ecd7000,0x000070000edd7000] [id=20227]
  0x00007fb0fd154000 WatcherThread [stack: 0x000070000f8fb000,0x000070000f9fb000] [id=22531]

VM state:not at safepoint (normal execution)

VM Mutex/Monitor currently owned by a thread: None

Heap:
 PSYoungGen      total 76288K, used 45988K [0x000000076ab00000, 0x0000000770000000, 0x00000007c0000000)
  eden space 65536K, 70% used [0x000000076ab00000,0x000000076d7e93c0,0x000000076eb00000)
  from space 10752K, 0% used [0x000000076f580000,0x000000076f580000,0x0000000770000000)
  to   space 10752K, 0% used [0x000000076eb00000,0x000000076eb00000,0x000000076f580000)
 ParOldGen       total 175104K, used 0K [0x00000006c0000000, 0x00000006cab00000, 0x000000076ab00000)
  object space 175104K, 0% used [0x00000006c0000000,0x00000006c0000000,0x00000006cab00000)
 Metaspace       used 10187K, capacity 10746K, committed 10880K, reserved 1058816K
  class space    used 1169K, capacity 1329K, committed 1408K, reserved 1048576K

Card table byte_map: [0x0000000109dad000,0x000000010a5ae000] byte_map_base: 0x00000001067ad000

Marking Bits: (ParMarkBitMap*) 0x0000000109298890
 Begin Bits: [0x000000010ab04000, 0x000000010eb04000)
 End Bits:   [0x000000010eb04000, 0x0000000112b04000)

Polling page: 0x00000001079fb000

CodeCache: size=245760Kb used=4561Kb max_used=4573Kb free=241198Kb
 bounds [0x0000000115f5e000, 0x00000001163de000, 0x0000000124f5e000]
 total_blobs=1457 nmethods=1104 adapters=276
 compilation: enabled

Compilation events (10 events):
Event: 51.192 Thread 0x00007fb0fb83a000 nmethod 1104 0x00000001163d4a10 code [0x00000001163d4b80, 0x00000001163d4f50]
Event: 51.596 Thread 0x00007fb0fb83a000 1105   !   3       java.net.AbstractPlainSocketImpl::releaseFD (74 bytes)
Event: 51.597 Thread 0x00007fb0fb83a000 nmethod 1105 0x00000001163d5050 code [0x00000001163d51e0, 0x00000001163d57e8]
Event: 51.715 Thread 0x00007fb0fb83a000 1106       1       org.reaktivity.reaktor.internal.types.Flyweight::buffer (5 bytes)
Event: 51.715 Thread 0x00007fb0fb83a000 nmethod 1106 0x00000001163d59d0 code [0x00000001163d5b20, 0x00000001163d5c30]
Event: 51.718 Thread 0x00007fb0fb83a000 1107   !   3       java.net.AbstractPlainSocketImpl::isConnectionReset (31 bytes)
Event: 51.718 Thread 0x00007fb0fb83a000 nmethod 1107 0x00000001163d5c90 code [0x00000001163d5e00, 0x00000001163d6150]
Event: 51.719 Thread 0x00007fb0fb83a000 1108       3       org.kaazing.k3po.junit.shaded.control.internal.Control::checkConnected (19 bytes)
Event: 51.720 Thread 0x00007fb0fb83a000 nmethod 1108 0x00000001163d6250 code [0x00000001163d63e0, 0x00000001163d6648]
Event: 53.939 Thread 0x00007fb0fb83a000 1109       1       org.agrona.concurrent.UnsafeBuffer::capacity (5 bytes)

GC Heap History (0 events):
No events

Deoptimization events (1 events):
Event: 0.717 Thread 0x00007fb0fd002000 Uncommon trap: reason=unstable_if action=reinterpret pc=0x000000011623cbf0 method=org.eclipse.jdt.launching.internal.org.objectweb.asm.ByteVector.putInt(I)Lorg/eclipse/jdt/launching/internal/org/objectweb/asm/ByteVector; @ 13

Classes redefined (0 events):
No events

Internal exceptions (10 events):
Event: 49.773 Thread 0x00007fb0fc90e000 Exception <a 'java/net/SocketTimeoutException': Read timed out> (0x000000076d224b28) thrown at [/Users/java_re/workspace/8-2-build-macosx-x86_64/jdk8u152/9280.nc/hotspot/src/share/vm/prims/jni.cpp, line 735]
Event: 49.978 Thread 0x00007fb0fc90e000 Exception <a 'java/net/SocketTimeoutException': Read timed out> (0x000000076d224dc0) thrown at [/Users/java_re/workspace/8-2-build-macosx-x86_64/jdk8u152/9280.nc/hotspot/src/share/vm/prims/jni.cpp, line 735]
Event: 50.180 Thread 0x00007fb0fc90e000 Exception <a 'java/net/SocketTimeoutException': Read timed out> (0x000000076d225058) thrown at [/Users/java_re/workspace/8-2-build-macosx-x86_64/jdk8u152/9280.nc/hotspot/src/share/vm/prims/jni.cpp, line 735]
Event: 50.382 Thread 0x00007fb0fc90e000 Exception <a 'java/net/SocketTimeoutException': Read timed out> (0x000000076d2252f0) thrown at [/Users/java_re/workspace/8-2-build-macosx-x86_64/jdk8u152/9280.nc/hotspot/src/share/vm/prims/jni.cpp, line 735]
Event: 50.583 Thread 0x00007fb0fc90e000 Exception <a 'java/net/SocketTimeoutException': Read timed out> (0x000000076d225588) thrown at [/Users/java_re/workspace/8-2-build-macosx-x86_64/jdk8u152/9280.nc/hotspot/src/share/vm/prims/jni.cpp, line 735]
Event: 50.785 Thread 0x00007fb0fc90e000 Exception <a 'java/net/SocketTimeoutException': Read timed out> (0x000000076d225820) thrown at [/Users/java_re/workspace/8-2-build-macosx-x86_64/jdk8u152/9280.nc/hotspot/src/share/vm/prims/jni.cpp, line 735]
Event: 50.989 Thread 0x00007fb0fc90e000 Exception <a 'java/net/SocketTimeoutException': Read timed out> (0x000000076d225ab8) thrown at [/Users/java_re/workspace/8-2-build-macosx-x86_64/jdk8u152/9280.nc/hotspot/src/share/vm/prims/jni.cpp, line 735]
Event: 51.191 Thread 0x00007fb0fc90e000 Exception <a 'java/net/SocketTimeoutException': Read timed out> (0x000000076d225d50) thrown at [/Users/java_re/workspace/8-2-build-macosx-x86_64/jdk8u152/9280.nc/hotspot/src/share/vm/prims/jni.cpp, line 735]
Event: 51.396 Thread 0x00007fb0fc90e000 Exception <a 'java/net/SocketTimeoutException': Read timed out> (0x000000076d225fe8) thrown at [/Users/java_re/workspace/8-2-build-macosx-x86_64/jdk8u152/9280.nc/hotspot/src/share/vm/prims/jni.cpp, line 735]
Event: 51.596 Thread 0x00007fb0fc90e000 Exception <a 'java/net/SocketTimeoutException': Read timed out> (0x000000076d226280) thrown at [/Users/java_re/workspace/8-2-build-macosx-x86_64/jdk8u152/9280.nc/hotspot/src/share/vm/prims/jni.cpp, line 735]

Events (10 events):
Event: 53.593 Executing VM operation: GetOrSetLocal
Event: 53.593 Executing VM operation: GetOrSetLocal done
Event: 53.594 Executing VM operation: GetOrSetLocal
Event: 53.594 Executing VM operation: GetOrSetLocal done
Event: 53.594 Executing VM operation: GetOrSetLocal
Event: 53.594 Executing VM operation: GetOrSetLocal done
Event: 53.594 Executing VM operation: GetOrSetLocal
Event: 53.594 Executing VM operation: GetOrSetLocal done
Event: 53.595 Executing VM operation: GetOrSetLocal
Event: 53.595 Executing VM operation: GetOrSetLocal done


Dynamic libraries:
0x0000000023d88000 	/System/Library/Frameworks/Cocoa.framework/Versions/A/Cocoa
0x0000000023d88000 	/System/Library/Frameworks/Security.framework/Versions/A/Security
0x0000000023d88000 	/System/Library/Frameworks/ApplicationServices.framework/Versions/A/ApplicationServices
0x0000000023d88000 	/usr/lib/libz.1.dylib
0x0000000023d88000 	/usr/lib/libSystem.B.dylib
0x0000000023d88000 	/usr/lib/libobjc.A.dylib
0x0000000023d88000 	/System/Library/Frameworks/CoreFoundation.framework/Versions/A/CoreFoundation
0x0000000023d88000 	/System/Library/Frameworks/Foundation.framework/Versions/C/Foundation
0x0000000023d88000 	/System/Library/Frameworks/AppKit.framework/Versions/C/AppKit
0x0000000023d88000 	/System/Library/Frameworks/CoreData.framework/Versions/A/CoreData
0x0000000023d88000 	/System/Library/PrivateFrameworks/RemoteViewServices.framework/Versions/A/RemoteViewServices
0x0000000023d88000 	/System/Library/PrivateFrameworks/UIFoundation.framework/Versions/A/UIFoundation
0x0000000023d88000 	/System/Library/PrivateFrameworks/XCTTargetBootstrap.framework/Versions/A/XCTTargetBootstrap
0x0000000023d88000 	/System/Library/PrivateFrameworks/IconServices.framework/Versions/A/IconServices
0x0000000023d88000 	/System/Library/Frameworks/Metal.framework/Versions/A/Metal
0x0000000023d88000 	/System/Library/PrivateFrameworks/DesktopServicesPriv.framework/Versions/A/DesktopServicesPriv
0x0000000023d88000 	/usr/lib/libenergytrace.dylib
0x0000000023d88000 	/System/Library/PrivateFrameworks/SkyLight.framework/Versions/A/SkyLight
0x0000000023d88000 	/System/Library/Frameworks/CoreGraphics.framework/Versions/A/CoreGraphics
0x0000000023d88000 	/System/Library/Frameworks/Accelerate.framework/Versions/A/Accelerate
0x0000000023d88000 	/System/Library/Frameworks/IOSurface.framework/Versions/A/IOSurface
0x0000000023d88000 	/System/Library/PrivateFrameworks/DFRFoundation.framework/Versions/A/DFRFoundation
0x0000000023d88000 	/System/Library/Frameworks/AudioToolbox.framework/Versions/A/AudioToolbox
0x0000000023d88000 	/System/Library/Frameworks/AudioUnit.framework/Versions/A/AudioUnit
0x0000000023d88000 	/System/Library/PrivateFrameworks/DataDetectorsCore.framework/Versions/A/DataDetectorsCore
0x0000000023d88000 	/System/Library/Frameworks/Carbon.framework/Versions/A/Frameworks/HIToolbox.framework/Versions/A/HIToolbox
0x0000000023d88000 	/usr/lib/libicucore.A.dylib
0x0000000023d88000 	/System/Library/Frameworks/QuartzCore.framework/Versions/A/QuartzCore
0x0000000023d88000 	/System/Library/Frameworks/Carbon.framework/Versions/A/Frameworks/SpeechRecognition.framework/Versions/A/SpeechRecognition
0x0000000023d88000 	/usr/lib/libauto.dylib
0x0000000023d88000 	/usr/lib/libxml2.2.dylib
0x0000000023d88000 	/System/Library/PrivateFrameworks/CoreUI.framework/Versions/A/CoreUI
0x0000000023d88000 	/System/Library/Frameworks/CoreAudio.framework/Versions/A/CoreAudio
0x0000000023d88000 	/System/Library/Frameworks/DiskArbitration.framework/Versions/A/DiskArbitration
0x0000000023d88000 	/usr/lib/liblangid.dylib
0x0000000023d88000 	/System/Library/PrivateFrameworks/MultitouchSupport.framework/Versions/A/MultitouchSupport
0x0000000023d88000 	/System/Library/Frameworks/IOKit.framework/Versions/A/IOKit
0x0000000023d88000 	/usr/lib/libDiagnosticMessagesClient.dylib
0x0000000023d88000 	/System/Library/Frameworks/CoreServices.framework/Versions/A/CoreServices
0x0000000023d88000 	/System/Library/PrivateFrameworks/PerformanceAnalysis.framework/Versions/A/PerformanceAnalysis
0x0000000023d88000 	/System/Library/Frameworks/OpenGL.framework/Versions/A/OpenGL
0x0000000023d88000 	/System/Library/Frameworks/ColorSync.framework/Versions/A/ColorSync
0x0000000023d88000 	/System/Library/Frameworks/CoreImage.framework/Versions/A/CoreImage
0x0000000023d88000 	/System/Library/Frameworks/CoreText.framework/Versions/A/CoreText
0x0000000023d88000 	/System/Library/Frameworks/ImageIO.framework/Versions/A/ImageIO
0x0000000023d88000 	/System/Library/PrivateFrameworks/Backup.framework/Versions/A/Backup
0x0000000023d88000 	/usr/lib/libarchive.2.dylib
0x0000000023d88000 	/System/Library/Frameworks/CFNetwork.framework/Versions/A/CFNetwork
0x0000000023d88000 	/System/Library/Frameworks/SystemConfiguration.framework/Versions/A/SystemConfiguration
0x0000000023d88000 	/usr/lib/libCRFSuite.dylib
0x0000000023d88000 	/usr/lib/libc++.1.dylib
0x0000000023d88000 	/usr/lib/libc++abi.dylib
0x0000000023d88000 	/usr/lib/system/libcache.dylib
0x0000000023d88000 	/usr/lib/system/libcommonCrypto.dylib
0x0000000023d88000 	/usr/lib/system/libcompiler_rt.dylib
0x0000000023d88000 	/usr/lib/system/libcopyfile.dylib
0x0000000023d88000 	/usr/lib/system/libcorecrypto.dylib
0x0000000023d88000 	/usr/lib/system/libdispatch.dylib
0x0000000023d88000 	/usr/lib/system/libdyld.dylib
0x0000000023d88000 	/usr/lib/system/libkeymgr.dylib
0x0000000023d88000 	/usr/lib/system/liblaunch.dylib
0x0000000023d88000 	/usr/lib/system/libmacho.dylib
0x0000000023d88000 	/usr/lib/system/libquarantine.dylib
0x0000000023d88000 	/usr/lib/system/libremovefile.dylib
0x0000000023d88000 	/usr/lib/system/libsystem_asl.dylib
0x0000000023d88000 	/usr/lib/system/libsystem_blocks.dylib
0x0000000023d88000 	/usr/lib/system/libsystem_c.dylib
0x0000000023d88000 	/usr/lib/system/libsystem_configuration.dylib
0x0000000023d88000 	/usr/lib/system/libsystem_coreservices.dylib
0x0000000023d88000 	/usr/lib/system/libsystem_darwin.dylib
0x0000000023d88000 	/usr/lib/system/libsystem_dnssd.dylib
0x0000000023d88000 	/usr/lib/system/libsystem_info.dylib
0x0000000023d88000 	/usr/lib/system/libsystem_m.dylib
0x0000000023d88000 	/usr/lib/system/libsystem_malloc.dylib
0x0000000023d88000 	/usr/lib/system/libsystem_networkextension.dylib
0x0000000023d88000 	/usr/lib/system/libsystem_notify.dylib
0x0000000023d88000 	/usr/lib/system/libsystem_sandbox.dylib
0x0000000023d88000 	/usr/lib/system/libsystem_secinit.dylib
0x0000000023d88000 	/usr/lib/system/libsystem_kernel.dylib
0x0000000023d88000 	/usr/lib/system/libsystem_platform.dylib
0x0000000023d88000 	/usr/lib/system/libsystem_pthread.dylib
0x0000000023d88000 	/usr/lib/system/libsystem_symptoms.dylib
0x0000000023d88000 	/usr/lib/system/libsystem_trace.dylib
0x0000000023d88000 	/usr/lib/system/libunwind.dylib
0x0000000023d88000 	/usr/lib/system/libxpc.dylib
0x0000000023d88000 	/usr/lib/libbsm.0.dylib
0x0000000023d88000 	/usr/lib/system/libkxld.dylib
0x0000000023d88000 	/System/Library/PrivateFrameworks/AppleFSCompression.framework/Versions/A/AppleFSCompression
0x0000000023d88000 	/usr/lib/libOpenScriptingUtil.dylib
0x0000000023d88000 	/usr/lib/libcoretls.dylib
0x0000000023d88000 	/usr/lib/libcoretls_cfhelpers.dylib
0x0000000023d88000 	/usr/lib/libpam.2.dylib
0x0000000023d88000 	/usr/lib/libsqlite3.dylib
0x0000000023d88000 	/usr/lib/libxar.1.dylib
0x0000000023d88000 	/usr/lib/libbz2.1.0.dylib
0x0000000023d88000 	/usr/lib/liblzma.5.dylib
0x0000000023d88000 	/usr/lib/libnetwork.dylib
0x0000000023d88000 	/usr/lib/libapple_nghttp2.dylib
0x0000000023d88000 	/usr/lib/libpcap.A.dylib
0x0000000023d88000 	/System/Library/Frameworks/CoreServices.framework/Versions/A/Frameworks/FSEvents.framework/Versions/A/FSEvents
0x0000000023d88000 	/System/Library/Frameworks/CoreServices.framework/Versions/A/Frameworks/CarbonCore.framework/Versions/A/CarbonCore
0x0000000023d88000 	/System/Library/Frameworks/CoreServices.framework/Versions/A/Frameworks/Metadata.framework/Versions/A/Metadata
0x0000000023d88000 	/System/Library/Frameworks/CoreServices.framework/Versions/A/Frameworks/OSServices.framework/Versions/A/OSServices
0x0000000023d88000 	/System/Library/Frameworks/CoreServices.framework/Versions/A/Frameworks/SearchKit.framework/Versions/A/SearchKit
0x0000000023d88000 	/System/Library/Frameworks/CoreServices.framework/Versions/A/Frameworks/AE.framework/Versions/A/AE
0x0000000023d88000 	/System/Library/Frameworks/CoreServices.framework/Versions/A/Frameworks/LaunchServices.framework/Versions/A/LaunchServices
0x0000000023d88000 	/System/Library/Frameworks/CoreServices.framework/Versions/A/Frameworks/DictionaryServices.framework/Versions/A/DictionaryServices
0x0000000023d88000 	/System/Library/Frameworks/CoreServices.framework/Versions/A/Frameworks/SharedFileList.framework/Versions/A/SharedFileList
0x0000000023d88000 	/System/Library/Frameworks/NetFS.framework/Versions/A/NetFS
0x0000000023d88000 	/System/Library/PrivateFrameworks/NetAuth.framework/Versions/A/NetAuth
0x0000000023d88000 	/System/Library/PrivateFrameworks/login.framework/Versions/A/Frameworks/loginsupport.framework/Versions/A/loginsupport
0x0000000023d88000 	/System/Library/PrivateFrameworks/TCC.framework/Versions/A/TCC
0x0000000023d88000 	/System/Library/PrivateFrameworks/CoreNLP.framework/Versions/A/CoreNLP
0x0000000023d88000 	/System/Library/PrivateFrameworks/MetadataUtilities.framework/Versions/A/MetadataUtilities
0x0000000023d88000 	/usr/lib/libmecabra.dylib
0x0000000023d88000 	/System/Library/Frameworks/ApplicationServices.framework/Versions/A/Frameworks/ATS.framework/Versions/A/ATS
0x0000000023d88000 	/System/Library/Frameworks/ApplicationServices.framework/Versions/A/Frameworks/ColorSyncLegacy.framework/Versions/A/ColorSyncLegacy
0x0000000023d88000 	/System/Library/Frameworks/ApplicationServices.framework/Versions/A/Frameworks/HIServices.framework/Versions/A/HIServices
0x0000000023d88000 	/System/Library/Frameworks/ApplicationServices.framework/Versions/A/Frameworks/LangAnalysis.framework/Versions/A/LangAnalysis
0x0000000023d88000 	/System/Library/Frameworks/ApplicationServices.framework/Versions/A/Frameworks/PrintCore.framework/Versions/A/PrintCore
0x0000000023d88000 	/System/Library/Frameworks/ApplicationServices.framework/Versions/A/Frameworks/QD.framework/Versions/A/QD
0x0000000023d88000 	/System/Library/Frameworks/ApplicationServices.framework/Versions/A/Frameworks/SpeechSynthesis.framework/Versions/A/SpeechSynthesis
0x0000000023d88000 	/usr/lib/libcompression.dylib
0x0000000023d88000 	/System/Library/Frameworks/CoreDisplay.framework/Versions/A/CoreDisplay
0x0000000023d88000 	/System/Library/Frameworks/MetalPerformanceShaders.framework/Versions/A/MetalPerformanceShaders
0x0000000023d88000 	/System/Library/Frameworks/Accelerate.framework/Versions/A/Frameworks/vImage.framework/Versions/A/vImage
0x0000000023d88000 	/System/Library/Frameworks/Accelerate.framework/Versions/A/Frameworks/vecLib.framework/Versions/A/vecLib
0x0000000023d88000 	/System/Library/Frameworks/Accelerate.framework/Versions/A/Frameworks/vecLib.framework/Versions/A/libvMisc.dylib
0x0000000023d88000 	/System/Library/Frameworks/Accelerate.framework/Versions/A/Frameworks/vecLib.framework/Versions/A/libvDSP.dylib
0x0000000023d88000 	/System/Library/Frameworks/Accelerate.framework/Versions/A/Frameworks/vecLib.framework/Versions/A/libBLAS.dylib
0x0000000023d88000 	/System/Library/Frameworks/Accelerate.framework/Versions/A/Frameworks/vecLib.framework/Versions/A/libLAPACK.dylib
0x0000000023d88000 	/System/Library/Frameworks/Accelerate.framework/Versions/A/Frameworks/vecLib.framework/Versions/A/libLinearAlgebra.dylib
0x0000000023d88000 	/System/Library/Frameworks/Accelerate.framework/Versions/A/Frameworks/vecLib.framework/Versions/A/libSparseBLAS.dylib
0x0000000023d88000 	/System/Library/Frameworks/Accelerate.framework/Versions/A/Frameworks/vecLib.framework/Versions/A/libQuadrature.dylib
0x0000000023d88000 	/System/Library/Frameworks/Accelerate.framework/Versions/A/Frameworks/vecLib.framework/Versions/A/libBNNS.dylib
0x0000000023d88000 	/System/Library/Frameworks/Accelerate.framework/Versions/A/Frameworks/vecLib.framework/Versions/A/libSparse.dylib
0x0000000023d88000 	/System/Library/PrivateFrameworks/GPUWrangler.framework/Versions/A/GPUWrangler
0x0000000023d88000 	/System/Library/PrivateFrameworks/IOAccelerator.framework/Versions/A/IOAccelerator
0x0000000023d88000 	/System/Library/PrivateFrameworks/IOPresentment.framework/Versions/A/IOPresentment
0x0000000023d88000 	/System/Library/PrivateFrameworks/DSExternalDisplay.framework/Versions/A/DSExternalDisplay
0x0000000023d88000 	/System/Library/Frameworks/OpenGL.framework/Versions/A/Libraries/libCoreFSCache.dylib
0x0000000023d88000 	/System/Library/Frameworks/MetalPerformanceShaders.framework/Frameworks/MPSCore.framework/Versions/A/MPSCore
0x0000000023d88000 	/System/Library/Frameworks/MetalPerformanceShaders.framework/Frameworks/MPSImage.framework/Versions/A/MPSImage
0x0000000023d88000 	/System/Library/Frameworks/MetalPerformanceShaders.framework/Frameworks/MPSNeuralNetwork.framework/Versions/A/MPSNeuralNetwork
0x0000000023d88000 	/System/Library/Frameworks/MetalPerformanceShaders.framework/Frameworks/MPSMatrix.framework/Versions/A/MPSMatrix
0x0000000023d88000 	/System/Library/Frameworks/MetalPerformanceShaders.framework/Frameworks/MPSRayIntersector.framework/Versions/A/MPSRayIntersector
0x0000000023d88000 	/System/Library/PrivateFrameworks/MetalTools.framework/Versions/A/MetalTools
0x0000000023d88000 	/System/Library/PrivateFrameworks/AggregateDictionary.framework/Versions/A/AggregateDictionary
0x0000000023d88000 	/usr/lib/libMobileGestalt.dylib
0x0000000023d88000 	/System/Library/Frameworks/CoreVideo.framework/Versions/A/CoreVideo
0x0000000023d88000 	/System/Library/PrivateFrameworks/GraphVisualizer.framework/Versions/A/GraphVisualizer
0x0000000023d88000 	/System/Library/PrivateFrameworks/FaceCore.framework/Versions/A/FaceCore
0x0000000023d88000 	/System/Library/Frameworks/OpenCL.framework/Versions/A/OpenCL
0x0000000023d88000 	/usr/lib/libFosl_dynamic.dylib
0x0000000023d88000 	/System/Library/PrivateFrameworks/OTSVG.framework/Versions/A/OTSVG
0x0000000023d88000 	/System/Library/Frameworks/ApplicationServices.framework/Versions/A/Frameworks/ATS.framework/Versions/A/Resources/libFontParser.dylib
0x0000000023d88000 	/System/Library/Frameworks/ApplicationServices.framework/Versions/A/Frameworks/ATS.framework/Versions/A/Resources/libFontRegistry.dylib
0x0000000023d88000 	/System/Library/Frameworks/ImageIO.framework/Versions/A/Resources/libJPEG.dylib
0x0000000023d88000 	/System/Library/Frameworks/ImageIO.framework/Versions/A/Resources/libTIFF.dylib
0x0000000023d88000 	/System/Library/Frameworks/ImageIO.framework/Versions/A/Resources/libPng.dylib
0x0000000023d88000 	/System/Library/Frameworks/ImageIO.framework/Versions/A/Resources/libGIF.dylib
0x0000000023d88000 	/System/Library/Frameworks/ImageIO.framework/Versions/A/Resources/libJP2.dylib
0x0000000023d88000 	/System/Library/Frameworks/ImageIO.framework/Versions/A/Resources/libRadiance.dylib
0x0000000023d88000 	/System/Library/PrivateFrameworks/AppleJPEG.framework/Versions/A/AppleJPEG
0x0000000023d88000 	/System/Library/Frameworks/OpenGL.framework/Versions/A/Libraries/libGFXShared.dylib
0x0000000023d88000 	/System/Library/Frameworks/OpenGL.framework/Versions/A/Libraries/libGLU.dylib
0x0000000023d88000 	/System/Library/Frameworks/OpenGL.framework/Versions/A/Libraries/libGL.dylib
0x0000000023d88000 	/System/Library/Frameworks/OpenGL.framework/Versions/A/Libraries/libGLImage.dylib
0x0000000023d88000 	/System/Library/Frameworks/OpenGL.framework/Versions/A/Libraries/libCVMSPluginSupport.dylib
0x0000000023d88000 	/System/Library/Frameworks/OpenGL.framework/Versions/A/Libraries/libCoreVMClient.dylib
0x0000000023d88000 	/usr/lib/libcups.2.dylib
0x0000000023d88000 	/System/Library/Frameworks/Kerberos.framework/Versions/A/Kerberos
0x0000000023d88000 	/System/Library/Frameworks/GSS.framework/Versions/A/GSS
0x0000000023d88000 	/usr/lib/libresolv.9.dylib
0x0000000023d88000 	/usr/lib/libiconv.2.dylib
0x0000000023d88000 	/System/Library/PrivateFrameworks/Heimdal.framework/Versions/A/Heimdal
0x0000000023d88000 	/usr/lib/libheimdal-asn1.dylib
0x0000000023d88000 	/System/Library/Frameworks/OpenDirectory.framework/Versions/A/OpenDirectory
0x0000000023d88000 	/System/Library/PrivateFrameworks/CommonAuth.framework/Versions/A/CommonAuth
0x0000000023d88000 	/System/Library/Frameworks/OpenDirectory.framework/Versions/A/Frameworks/CFOpenDirectory.framework/Versions/A/CFOpenDirectory
0x0000000023d88000 	/System/Library/Frameworks/SecurityFoundation.framework/Versions/A/SecurityFoundation
0x0000000023d88000 	/System/Library/PrivateFrameworks/APFS.framework/Versions/A/APFS
0x0000000023d88000 	/usr/lib/libutil.dylib
0x0000000023d88000 	/usr/lib/libcharset.1.dylib
0x0000000023d88000 	/System/Library/PrivateFrameworks/AppleSauce.framework/Versions/A/AppleSauce
0x0000000023d88000 	/System/Library/PrivateFrameworks/AssertionServices.framework/Versions/A/AssertionServices
0x0000000023d88000 	/System/Library/PrivateFrameworks/BaseBoard.framework/Versions/A/BaseBoard
0x0000000023d88000 	/usr/lib/libmecab.1.0.0.dylib
0x0000000023d88000 	/usr/lib/libgermantok.dylib
0x0000000023d88000 	/usr/lib/libThaiTokenizer.dylib
0x0000000023d88000 	/usr/lib/libChineseTokenizer.dylib
0x0000000023d88000 	/System/Library/PrivateFrameworks/LanguageModeling.framework/Versions/A/LanguageModeling
0x0000000023d88000 	/System/Library/PrivateFrameworks/CoreEmoji.framework/Versions/A/CoreEmoji
0x0000000023d88000 	/System/Library/PrivateFrameworks/Lexicon.framework/Versions/A/Lexicon
0x0000000023d88000 	/System/Library/PrivateFrameworks/LinguisticData.framework/Versions/A/LinguisticData
0x0000000023d88000 	/usr/lib/libcmph.dylib
0x0000000023d88000 	/System/Library/Frameworks/ServiceManagement.framework/Versions/A/ServiceManagement
0x0000000023d88000 	/System/Library/PrivateFrameworks/BackgroundTaskManagement.framework/Versions/A/BackgroundTaskManagement
0x0000000023d88000 	/usr/lib/libxslt.1.dylib
0x0000000023d88000 	/System/Library/Frameworks/Carbon.framework/Versions/A/Frameworks/Ink.framework/Versions/A/Ink
0x0000000023d88000 	/System/Library/PrivateFrameworks/TextureIO.framework/Versions/A/TextureIO
0x0000000023d88000 	/usr/lib/libate.dylib
0x0000000023d88000 	/System/Library/PrivateFrameworks/CrashReporterSupport.framework/Versions/A/CrashReporterSupport
0x0000000023d88000 	/System/Library/PrivateFrameworks/Sharing.framework/Versions/A/Sharing
0x0000000023d88000 	/System/Library/PrivateFrameworks/AuthKit.framework/Versions/A/AuthKit
0x0000000023d88000 	/System/Library/PrivateFrameworks/Apple80211.framework/Versions/A/Apple80211
0x0000000023d88000 	/System/Library/PrivateFrameworks/CoreUtils.framework/Versions/A/CoreUtils
0x0000000023d88000 	/System/Library/Frameworks/CoreWLAN.framework/Versions/A/CoreWLAN
0x0000000023d88000 	/System/Library/Frameworks/IOBluetooth.framework/Versions/A/IOBluetooth
0x0000000023d88000 	/System/Library/PrivateFrameworks/ProtocolBuffer.framework/Versions/A/ProtocolBuffer
0x0000000023d88000 	/System/Library/PrivateFrameworks/MobileKeyBag.framework/Versions/A/MobileKeyBag
0x0000000023d88000 	/System/Library/PrivateFrameworks/CorePhoneNumbers.framework/Versions/A/CorePhoneNumbers
0x0000000023d88000 	/System/Library/PrivateFrameworks/AppleIDAuthSupport.framework/Versions/A/AppleIDAuthSupport
0x0000000023d88000 	/System/Library/PrivateFrameworks/KeychainCircle.framework/Versions/A/KeychainCircle
0x0000000023d88000 	/System/Library/PrivateFrameworks/ROCKit.framework/Versions/A/ROCKit
0x0000000023d88000 	/System/Library/PrivateFrameworks/CoreWiFi.framework/Versions/A/CoreWiFi
0x0000000023d88000 	/System/Library/Frameworks/CoreBluetooth.framework/Versions/A/CoreBluetooth
0x0000000023d88000 	/System/Library/PrivateFrameworks/DebugSymbols.framework/Versions/A/DebugSymbols
0x0000000023d88000 	/System/Library/PrivateFrameworks/CoreSymbolication.framework/Versions/A/CoreSymbolication
0x0000000023d88000 	/System/Library/PrivateFrameworks/Symbolication.framework/Versions/A/Symbolication
0x0000000023d88000 	/System/Library/PrivateFrameworks/SpeechRecognitionCore.framework/Versions/A/SpeechRecognitionCore
0x0000000108a00000 	/Library/Java/JavaVirtualMachines/jdk1.8.0_152.jdk/Contents/Home/jre/lib/server/libjvm.dylib
0x0000000023d88000 	/usr/lib/libstdc++.6.dylib
0x00000001079b7000 	/Library/Java/JavaVirtualMachines/jdk1.8.0_152.jdk/Contents/Home/jre/lib/libverify.dylib
0x00000001079c5000 	/Library/Java/JavaVirtualMachines/jdk1.8.0_152.jdk/Contents/Home/jre/lib/libjava.dylib
0x00000001098fb000 	/Library/Java/JavaVirtualMachines/jdk1.8.0_152.jdk/Contents/Home/jre/lib/libjdwp.dylib
0x00000001079fc000 	/Library/Java/JavaVirtualMachines/jdk1.8.0_152.jdk/Contents/Home/jre/lib/libnpt.dylib
0x0000000109946000 	/Library/Java/JavaVirtualMachines/jdk1.8.0_152.jdk/Contents/Home/jre/lib/libinstrument.dylib
0x00000001099e4000 	/Library/Java/JavaVirtualMachines/jdk1.8.0_152.jdk/Contents/Home/jre/lib/libzip.dylib
0x0000000115a87000 	/Library/Java/JavaVirtualMachines/jdk1.8.0_152.jdk/Contents/Home/jre/lib/libdt_socket.dylib
0x0000000115d8b000 	/Library/Java/JavaVirtualMachines/jdk1.8.0_152.jdk/Contents/Home/jre/lib/libnet.dylib
0x0000000115e69000 	/Library/Java/JavaVirtualMachines/jdk1.8.0_152.jdk/Contents/Home/jre/lib/libmanagement.dylib
0x0000000115dea000 	/Library/Java/JavaVirtualMachines/jdk1.8.0_152.jdk/Contents/Home/jre/lib/libnio.dylib

VM Arguments:
jvm_args: -agentlib:jdwp=transport=dt_socket,suspend=y,address=localhost:52969 -ea -javaagent:/Applications/eclipse/java-2018-09/Eclipse.app/Contents/Eclipse/configuration/org.eclipse.osgi/231/0/.cp/lib/javaagent-shaded.jar -Dfile.encoding=UTF-8 
java_command: org.eclipse.jdt.internal.junit.runner.RemoteTestRunner -version 3 -port 52968 -testLoaderClass org.eclipse.jdt.internal.junit4.runner.JUnit4TestLoader -loaderpluginname org.eclipse.jdt.junit4.runtime -test org.reaktivity.nukleus.ws.internal.streams.server.BaseFramingIT:shouldEchoBinaryFrameWithPayloadLength125
java_class_path (initial): /Users/jfallows/GitHub/reaktivity/nukleus-ws.java/target/test-classes:/Users/jfallows/GitHub/reaktivity/nukleus-ws.java/target/classes:/Users/jfallows/.m2/repository/org/reaktivity/nukleus-ws.spec/0.35/nukleus-ws.spec-0.35.jar:/Users/jfallows/.m2/repository/org/kaazing/specification.ws/3.0.0-alpha-97/specification.ws-3.0.0-alpha-97.jar:/Users/jfallows/.m2/repository/org/reaktivity/nukleus-http.spec/0.64/nukleus-http.spec-0.64.jar:/Users/jfallows/.m2/repository/org/reaktivity/nukleus.spec/0.30/nukleus.spec-0.30.jar:/Users/jfallows/GitHub/reaktivity/reaktor.java/target/classes:/Users/jfallows/.m2/repository/org/reaktivity/nukleus/0.29/nukleus-0.29.jar:/Users/jfallows/.m2/repository/org/agrona/Agrona/0.5.5/Agrona-0.5.5.jar:/Users/jfallows/.m2/repository/commons-cli/commons-cli/1.3.1/commons-cli-1.3.1.jar:/Users/jfallows/GitHub/reaktivity/reaktor.java/target/test-classes:/Users/jfallows/.m2/repository/junit/junit/4.12/junit-4.12.jar:/Users/jfallows/.m2/repository/org/hamcrest/hamcrest-core/1.3/hamcrest-core-1.3.jar:/Users/jfallows/.m2/repository/org/hamcrest/hamcrest-library/1.3/hamcrest-library-1.3.jar:/Users/jfallows/.m2/repository/org/kaazing/k3po.junit/3.0.0-alpha-97/k3po.junit-3.0.0-alpha-97.jar:/Users/jfallows/.m2/repository/org/kaazing/net.tcp/1.1.0.9/net.tcp-1.1.0.9.jar:/Users/jfallows/.m2/repository/org/kaazing/net.api/1.1.0.9/net.api-1.1.0.9.jar:/Users/jfallows/.m2/repository/org/kaazing/community.license/2.18/community.license-2.18.jar:/Users/jfallows/.m2/repository/org/kaazing/k3po.lang/3.0.0-alpha-97/k3po.lang-3.0.0-alpha-97.jar:/Users/jfallows/.m2/repository/org/antlr/antlr4-runtime/4.7/antlr4-runtime-4.7.jar:/Users/jfallows/.m2/repository/de/odysseus/juel/juel-api/2.2.7/juel-api-2.2.7.jar:/Users/jfallows/.m2/repository/de/odysseus/juel/juel-impl/2.2.7/juel-impl-2.2.7.jar:/Users/jfallows/.m2/repository/org/openjdk/jmh/jmh-core/1.17.4/jmh-core-1.17.4.jar:/Users/jfallows/.m2/repository/net/sf/jopt-simple/jopt-simple/4.6/jopt-simp
Launcher Type: SUN_STANDARD

Environment Variables:
PATH=/usr/bin:/bin:/usr/sbin:/sbin
SHELL=/bin/bash
DISPLAY=/private/tmp/com.apple.launchd.4bSFPVSQry/org.macosforge.xquartz:0

Signal Handlers:
SIGSEGV: [libjvm.dylib+0x5821b5], sa_mask[0]=11111111011111110111111111111111, sa_flags=SA_ONSTACK|SA_RESTART|SA_SIGINFO
SIGBUS: [libjvm.dylib+0x5821b5], sa_mask[0]=11111111011111110111111111111111, sa_flags=SA_RESTART|SA_SIGINFO
SIGFPE: [libjvm.dylib+0x45af20], sa_mask[0]=11111111011111110111111111111111, sa_flags=SA_RESTART|SA_SIGINFO
SIGPIPE: [libjvm.dylib+0x45af20], sa_mask[0]=11111111011111110111111111111111, sa_flags=SA_RESTART|SA_SIGINFO
SIGXFSZ: [libjvm.dylib+0x45af20], sa_mask[0]=11111111011111110111111111111111, sa_flags=SA_RESTART|SA_SIGINFO
SIGILL: [libjvm.dylib+0x45af20], sa_mask[0]=11111111011111110111111111111111, sa_flags=SA_RESTART|SA_SIGINFO
SIGUSR1: SIG_DFL, sa_mask[0]=00000000000000000000000000000000, sa_flags=none
SIGUSR2: [libjvm.dylib+0x45aa3e], sa_mask[0]=00100000000000000000000000000000, sa_flags=SA_RESTART|SA_SIGINFO
SIGHUP: [libjvm.dylib+0x459015], sa_mask[0]=11111111011111110111111111111111, sa_flags=SA_RESTART|SA_SIGINFO
SIGINT: [libjvm.dylib+0x459015], sa_mask[0]=11111111011111110111111111111111, sa_flags=SA_RESTART|SA_SIGINFO
SIGTERM: [libjvm.dylib+0x459015], sa_mask[0]=11111111011111110111111111111111, sa_flags=SA_RESTART|SA_SIGINFO
SIGQUIT: [libjvm.dylib+0x459015], sa_mask[0]=11111111011111110111111111111111, sa_flags=SA_RESTART|SA_SIGINFO


---------------  S Y S T E M  ---------------

OS:Bsduname:Darwin 18.2.0 Darwin Kernel Version 18.2.0: Mon Nov 12 20:24:46 PST 2018; root:xnu-4903.231.4~2/RELEASE_X86_64 x86_64
rlimit: STACK 8192k, CORE 0k, NPROC 1418, NOFILE 10240, AS infinity
load average:3.22 2.78 2.61

CPU:total 8 (initial active 8) (4 cores per cpu, 2 threads per core) family 6 model 158 stepping 9, cmov, cx8, fxsr, mmx, sse, sse2, sse3, ssse3, sse4.1, sse4.2, popcnt, avx, avx2, aes, clmul, erms, rtm, 3dnowpref, lzcnt, ht, tsc, tscinvbit, bmi1, bmi2, adx

Memory: 4k page, physical 16777216k(15352k free)

/proc/meminfo:


vm_info: Java HotSpot(TM) 64-Bit Server VM (25.152-b05) for bsd-amd64 JRE (1.8.0_152-ea-b05), built on Jun 20 2017 19:40:18 by "java_re" with gcc 4.2.1 (Based on Apple Inc. build 5658) (LLVM build 2336.11.00)

time: Wed Jan  2 15:08:26 2019
elapsed time: 53 seconds (0d 0h 0m 53s)

